Using pre-set license

 COMMAND LINE ARGUMENTS:
/Applications/Unity/Hub/Editor/2020.3.12f1/Unity.app/Contents/MacOS/Unity
-adb2
-batchMode
-noUpm
-name
AssetImportWorker0
-projectPath
/Users/jeanfabre/Documents/Work/Exitgames/Unity/Repositories/FusionSimpleDemo/Fusion Simple Demo
-logFile
Logs/AssetImportWorker0.log
-srvPort
61344
Successfully changed project path to: /Users/jeanfabre/Documents/Work/Exitgames/Unity/Repositories/FusionSimpleDemo/Fusion Simple Demo
/Users/jeanfabre/Documents/Work/Exitgames/Unity/Repositories/FusionSimpleDemo/Fusion Simple Demo
Using Asset Import Pipeline V2.
Refreshing native plugins compatible for Editor in 69.92 ms, found 3 plugins.
Preloading 0 native plugins for Editor in 0.00 ms.
Initialize engine version: 2020.3.12f1 (b3b2c6512326)
[Subsystems] Discovering subsystems at path /Applications/Unity/Hub/Editor/2020.3.12f1/Unity.app/Contents/Resources/UnitySubsystems
[Subsystems] Discovering subsystems at path /Users/jeanfabre/Documents/Work/Exitgames/Unity/Repositories/FusionSimpleDemo/Fusion Simple Demo/Assets
GfxDevice: creating device client; threaded=0
2021-06-30 10:05:11.366 Unity[31677:721451] Color LCD preferred device: AMD Radeon Pro 560 (high power)
2021-06-30 10:05:11.366 Unity[31677:721451] Metal devices available: 2
2021-06-30 10:05:11.366 Unity[31677:721451] 0: AMD Radeon Pro 560 (high power)
2021-06-30 10:05:11.366 Unity[31677:721451] 1: Intel(R) HD Graphics 630 (low power)
2021-06-30 10:05:11.367 Unity[31677:721451] Using device AMD Radeon Pro 560 (high power)
Initializing Metal device caps: AMD Radeon Pro 560
Initialize mono
Mono path[0] = '/Applications/Unity/Hub/Editor/2020.3.12f1/Unity.app/Contents/Managed'
Mono path[1] = '/Applications/Unity/Hub/Editor/2020.3.12f1/Unity.app/Contents/MonoBleedingEdge/lib/mono/unityjit'
Mono config path = '/Applications/Unity/Hub/Editor/2020.3.12f1/Unity.app/Contents/MonoBleedingEdge/etc'
Using monoOptions --debugger-agent=transport=dt_socket,embedding=1,server=y,suspend=n,address=127.0.0.1:56677
Begin MonoManager ReloadAssembly
Registering precompiled unity dll's ...
Register platform support module: /Applications/Unity/Hub/Editor/2020.3.12f1/Unity.app/Contents/PlaybackEngines/MacStandaloneSupport/UnityEditor.OSXStandalone.Extensions.dll
Registered in 0.006779 seconds.
Native extension for OSXStandalone target not found
Refreshing native plugins compatible for Editor in 38.06 ms, found 3 plugins.
Preloading 0 native plugins for Editor in 0.00 ms.
Mono: successfully reloaded assembly
- Completed reload, in  1.527 seconds
Platform modules already initialized, skipping
Registering precompiled user dll's ...
Registered in 0.039985 seconds.
Begin MonoManager ReloadAssembly
Native extension for OSXStandalone target not found
Refreshing native plugins compatible for Editor in 0.94 ms, found 3 plugins.
Preloading 0 native plugins for Editor in 0.00 ms.
Mono: successfully reloaded assembly
- Completed reload, in  1.615 seconds
Platform modules already initialized, skipping
========================================================================
Worker process is ready to serve import requests
Launching external process: /Applications/Unity/Hub/Editor/2020.3.12f1/Unity.app/Contents/Tools/UnityShaderCompiler
Launched and connected shader compiler UnityShaderCompiler after 0.01 seconds
Refreshing native plugins compatible for Editor in 0.71 ms, found 3 plugins.
Preloading 0 native plugins for Editor in 0.00 ms.
Unloading 2626 Unused Serialized files (Serialized files now loaded: 0)
System memory in use before: 178.3 MB.
System memory in use after: 178.4 MB.

Unloading 60 unused Assets to reduce memory usage. Loaded Objects now: 3196.
Total: 2.616745 ms (FindLiveObjects: 0.333877 ms CreateObjectMapping: 0.149284 ms MarkObjects: 2.022312 ms  DeleteObjects: 0.110145 ms)

AssetImportParameters requested are different than current active one (requested -> active):
  custom:video-decoder-ogg-theora: a1e56fd34408186e4bbccfd4996cb3dc -> 
  custom:container-muxer-webm: aa71ff27fc2769a1b78a27578f13a17b -> 
  custom:container-demuxer-webm: 4f35f7cbe854078d1ac9338744f61a02 -> 
  custom:container-demuxer-ogg: 62fdf1f143b41e24485cea50d1cbac27 -> 
  custom:video-encoder-webm-vp8: eb34c28f22e8b96e1ab97ce403110664 -> 
  custom:framework-osx-AVFoundation: b23960f63f64bdc6ff669e2cdcee2391 -> 
  custom:video-decoder-webm-vp8: 9c59270c3fd7afecdb556c50c9e8de78 -> 
  custom:audio-decoder-ogg-vorbis: bf7c407c2cedff20999df2af8eb42d56 -> 
  custom:audio-encoder-webm-vorbis: bf7c407c2cedff20999df2af8eb42d56 -> 
========================================================================
Received Import Request.
  path: Assets/Scripts/CharacterController.cs
  artifactKey: Guid(102f41c16cd8846408940a07c3dae74b) Importer(815301076,1909f56bfc062723c751e8b465ee728b)
Start importing Assets/Scripts/CharacterController.cs using Guid(102f41c16cd8846408940a07c3dae74b) Importer(815301076,1909f56bfc062723c751e8b465ee728b)  -> (artifact id: '6b3c685dece3dfe5c1a55bea42d40348') in 0.513061 seconds 
  Import took 0.517831 seconds .

========================================================================
Received Import Request.
  Time since last request: 419.227527 seconds.
  path: Assets/PlayMaker/Actions/Character
  artifactKey: Guid(98bef29ce46fc944e815a9b2a6285c68) Importer(815301076,1909f56bfc062723c751e8b465ee728b)
Start importing Assets/PlayMaker/Actions/Character using Guid(98bef29ce46fc944e815a9b2a6285c68) Importer(815301076,1909f56bfc062723c751e8b465ee728b)  -> (artifact id: '690f34bbdab9fe111421e320d6d0d5e5') in 0.004529 seconds 
  Import took 0.023187 seconds .

========================================================================
Received Import Request.
  Time since last request: 9.381901 seconds.
  path: Assets/PlayMaker/Actions/Physics/SetControllerVelocity.cs
  artifactKey: Guid(376538c583f60ba43877c20db60a5ce5) Importer(815301076,1909f56bfc062723c751e8b465ee728b)
Start importing Assets/PlayMaker/Actions/Physics/SetControllerVelocity.cs using Guid(376538c583f60ba43877c20db60a5ce5) Importer(815301076,1909f56bfc062723c751e8b465ee728b)  -> (artifact id: '324928d4f07c9d15dbc20ba4e93fe883') in 0.007357 seconds 
  Import took 0.013597 seconds .

========================================================================
Received Prepare
Registering precompiled user dll's ...
Registered in 0.018849 seconds.
Begin MonoManager ReloadAssembly
Native extension for OSXStandalone target not found
Refreshing native plugins compatible for Editor in 0.75 ms, found 3 plugins.
Preloading 0 native plugins for Editor in 0.00 ms.
Mono: successfully reloaded assembly
- Completed reload, in  1.409 seconds
Platform modules already initialized, skipping
Refreshing native plugins compatible for Editor in 0.74 ms, found 3 plugins.
Preloading 0 native plugins for Editor in 0.00 ms.
Unloading 2607 Unused Serialized files (Serialized files now loaded: 0)
System memory in use before: 182.3 MB.
System memory in use after: 182.5 MB.

Unloading 67 unused Assets to reduce memory usage. Loaded Objects now: 3187.
Total: 2.873749 ms (FindLiveObjects: 0.428723 ms CreateObjectMapping: 0.159911 ms MarkObjects: 2.146618 ms  DeleteObjects: 0.137289 ms)

AssetImportParameters requested are different than current active one (requested -> active):
  custom:video-decoder-ogg-theora: a1e56fd34408186e4bbccfd4996cb3dc -> 
  custom:container-muxer-webm: aa71ff27fc2769a1b78a27578f13a17b -> 
  custom:container-demuxer-webm: 4f35f7cbe854078d1ac9338744f61a02 -> 
  custom:container-demuxer-ogg: 62fdf1f143b41e24485cea50d1cbac27 -> 
  custom:video-encoder-webm-vp8: eb34c28f22e8b96e1ab97ce403110664 -> 
  custom:framework-osx-AVFoundation: b23960f63f64bdc6ff669e2cdcee2391 -> 
  custom:video-decoder-webm-vp8: 9c59270c3fd7afecdb556c50c9e8de78 -> 
  custom:audio-decoder-ogg-vorbis: bf7c407c2cedff20999df2af8eb42d56 -> 
  custom:audio-encoder-webm-vorbis: bf7c407c2cedff20999df2af8eb42d56 -> 
========================================================================
Received Prepare
Registering precompiled user dll's ...
Registered in 0.018072 seconds.
Begin MonoManager ReloadAssembly
Native extension for OSXStandalone target not found
Refreshing native plugins compatible for Editor in 0.71 ms, found 3 plugins.
Preloading 0 native plugins for Editor in 0.00 ms.
Mono: successfully reloaded assembly
- Completed reload, in  1.325 seconds
Platform modules already initialized, skipping
Refreshing native plugins compatible for Editor in 0.73 ms, found 3 plugins.
Preloading 0 native plugins for Editor in 0.00 ms.
Unloading 2607 Unused Serialized files (Serialized files now loaded: 0)
System memory in use before: 182.5 MB.
System memory in use after: 182.7 MB.

Unloading 55 unused Assets to reduce memory usage. Loaded Objects now: 3190.
Total: 2.404413 ms (FindLiveObjects: 0.316400 ms CreateObjectMapping: 0.161537 ms MarkObjects: 1.860404 ms  DeleteObjects: 0.065094 ms)

AssetImportParameters requested are different than current active one (requested -> active):
  custom:video-decoder-ogg-theora: a1e56fd34408186e4bbccfd4996cb3dc -> 
  custom:container-muxer-webm: aa71ff27fc2769a1b78a27578f13a17b -> 
  custom:container-demuxer-webm: 4f35f7cbe854078d1ac9338744f61a02 -> 
  custom:container-demuxer-ogg: 62fdf1f143b41e24485cea50d1cbac27 -> 
  custom:video-encoder-webm-vp8: eb34c28f22e8b96e1ab97ce403110664 -> 
  custom:framework-osx-AVFoundation: b23960f63f64bdc6ff669e2cdcee2391 -> 
  custom:video-decoder-webm-vp8: 9c59270c3fd7afecdb556c50c9e8de78 -> 
  custom:audio-decoder-ogg-vorbis: bf7c407c2cedff20999df2af8eb42d56 -> 
  custom:audio-encoder-webm-vorbis: bf7c407c2cedff20999df2af8eb42d56 -> 
========================================================================
Received Prepare
Registering precompiled user dll's ...
Registered in 0.018161 seconds.
Begin MonoManager ReloadAssembly
Native extension for OSXStandalone target not found
Refreshing native plugins compatible for Editor in 0.76 ms, found 3 plugins.
Preloading 0 native plugins for Editor in 0.00 ms.
Mono: successfully reloaded assembly
- Completed reload, in  1.348 seconds
Platform modules already initialized, skipping
Refreshing native plugins compatible for Editor in 0.74 ms, found 3 plugins.
Preloading 0 native plugins for Editor in 0.00 ms.
Unloading 2607 Unused Serialized files (Serialized files now loaded: 0)
System memory in use before: 182.7 MB.
System memory in use after: 182.9 MB.

Unloading 55 unused Assets to reduce memory usage. Loaded Objects now: 3193.
Total: 2.250800 ms (FindLiveObjects: 0.340841 ms CreateObjectMapping: 0.149594 ms MarkObjects: 1.693904 ms  DeleteObjects: 0.065325 ms)

AssetImportParameters requested are different than current active one (requested -> active):
  custom:video-decoder-ogg-theora: a1e56fd34408186e4bbccfd4996cb3dc -> 
  custom:container-muxer-webm: aa71ff27fc2769a1b78a27578f13a17b -> 
  custom:container-demuxer-webm: 4f35f7cbe854078d1ac9338744f61a02 -> 
  custom:container-demuxer-ogg: 62fdf1f143b41e24485cea50d1cbac27 -> 
  custom:video-encoder-webm-vp8: eb34c28f22e8b96e1ab97ce403110664 -> 
  custom:framework-osx-AVFoundation: b23960f63f64bdc6ff669e2cdcee2391 -> 
  custom:video-decoder-webm-vp8: 9c59270c3fd7afecdb556c50c9e8de78 -> 
  custom:audio-decoder-ogg-vorbis: bf7c407c2cedff20999df2af8eb42d56 -> 
  custom:audio-encoder-webm-vorbis: bf7c407c2cedff20999df2af8eb42d56 -> 
========================================================================
Received Import Request.
  Time since last request: 1813.152110 seconds.
  path: Assets/Photon/Fusion/Resources/NetworkProjectConfig.asset
  artifactKey: Guid(10d954cc4924a0443b5032e1b6cb85eb) Importer(815301076,1909f56bfc062723c751e8b465ee728b)
Start importing Assets/Photon/Fusion/Resources/NetworkProjectConfig.asset using Guid(10d954cc4924a0443b5032e1b6cb85eb) Importer(815301076,1909f56bfc062723c751e8b465ee728b)  -> (artifact id: '131c292341cbd8026738eb2ae152b0b8') in 0.346034 seconds 
  Import took 0.351650 seconds .

========================================================================
Received Import Request.
  Time since last request: 18.372580 seconds.
  path: Assets/Photon/Fusion/Resources/PhotonAppSettings.asset
  artifactKey: Guid(0ab2743414e5d5e40bfa878d5b1ccc21) Importer(815301076,1909f56bfc062723c751e8b465ee728b)
Start importing Assets/Photon/Fusion/Resources/PhotonAppSettings.asset using Guid(0ab2743414e5d5e40bfa878d5b1ccc21) Importer(815301076,1909f56bfc062723c751e8b465ee728b)  -> (artifact id: '28c22e4542434807f1998f06630f01a8') in 0.005873 seconds 
  Import took 0.011222 seconds .

========================================================================
Received Import Request.
  Time since last request: 0.069810 seconds.
  path: Assets/Photon/Fusion/Resources/PhotonAppSettings.asset
  artifactKey: Guid(0ab2743414e5d5e40bfa878d5b1ccc21) Importer(815301076,1909f56bfc062723c751e8b465ee728b)
Start importing Assets/Photon/Fusion/Resources/PhotonAppSettings.asset using Guid(0ab2743414e5d5e40bfa878d5b1ccc21) Importer(815301076,1909f56bfc062723c751e8b465ee728b)  -> (artifact id: '28c22e4542434807f1998f06630f01a8') in 0.005991 seconds 
  Import took 0.011698 seconds .

========================================================================
Received Prepare
Registering precompiled user dll's ...
Registered in 0.024577 seconds.
Begin MonoManager ReloadAssembly
Native extension for OSXStandalone target not found
Refreshing native plugins compatible for Editor in 0.82 ms, found 3 plugins.
Preloading 0 native plugins for Editor in 0.00 ms.
Mono: successfully reloaded assembly
- Completed reload, in  1.294 seconds
Platform modules already initialized, skipping
Refreshing native plugins compatible for Editor in 0.77 ms, found 3 plugins.
Preloading 0 native plugins for Editor in 0.00 ms.
Unloading 2607 Unused Serialized files (Serialized files now loaded: 0)
System memory in use before: 187.3 MB.
System memory in use after: 187.5 MB.

Unloading 56 unused Assets to reduce memory usage. Loaded Objects now: 3200.
Total: 2.412518 ms (FindLiveObjects: 0.289709 ms CreateObjectMapping: 0.127892 ms MarkObjects: 1.923952 ms  DeleteObjects: 0.070197 ms)

AssetImportParameters requested are different than current active one (requested -> active):
  custom:video-decoder-ogg-theora: a1e56fd34408186e4bbccfd4996cb3dc -> 
  custom:container-muxer-webm: aa71ff27fc2769a1b78a27578f13a17b -> 
  custom:container-demuxer-webm: 4f35f7cbe854078d1ac9338744f61a02 -> 
  custom:container-demuxer-ogg: 62fdf1f143b41e24485cea50d1cbac27 -> 
  custom:video-encoder-webm-vp8: eb34c28f22e8b96e1ab97ce403110664 -> 
  custom:framework-osx-AVFoundation: b23960f63f64bdc6ff669e2cdcee2391 -> 
  custom:video-decoder-webm-vp8: 9c59270c3fd7afecdb556c50c9e8de78 -> 
  custom:audio-decoder-ogg-vorbis: bf7c407c2cedff20999df2af8eb42d56 -> 
  custom:audio-encoder-webm-vorbis: bf7c407c2cedff20999df2af8eb42d56 -> 
========================================================================
Received Import Request.
  Time since last request: 20.512359 seconds.
  path: Assets/Photon/Fusion/Resources/PhotonAppSettings.asset
  artifactKey: Guid(0ab2743414e5d5e40bfa878d5b1ccc21) Importer(815301076,1909f56bfc062723c751e8b465ee728b)
Start importing Assets/Photon/Fusion/Resources/PhotonAppSettings.asset using Guid(0ab2743414e5d5e40bfa878d5b1ccc21) Importer(815301076,1909f56bfc062723c751e8b465ee728b)  -> (artifact id: '75faea622255df402ae160c184d3968f') in 0.021143 seconds 
  Import took 0.025997 seconds .

========================================================================
Received Import Request.
  Time since last request: 15.694232 seconds.
  path: Assets/Photon/Fusion/Resources/FusionGraphShader.shader
  artifactKey: Guid(191d95ce624abaa4ba0294fc7baa2845) Importer(815301076,1909f56bfc062723c751e8b465ee728b)
Start importing Assets/Photon/Fusion/Resources/FusionGraphShader.shader using Guid(191d95ce624abaa4ba0294fc7baa2845) Importer(815301076,1909f56bfc062723c751e8b465ee728b)  -> (artifact id: 'b21fc7d199d26b975b9038c05cf13272') in 0.181287 seconds 
  Import took 0.186487 seconds .

========================================================================
Received Prepare
Registering precompiled user dll's ...
Registered in 0.033182 seconds.
Begin MonoManager ReloadAssembly
Native extension for OSXStandalone target not found
Refreshing native plugins compatible for Editor in 0.70 ms, found 3 plugins.
Preloading 0 native plugins for Editor in 0.00 ms.
Mono: successfully reloaded assembly
- Completed reload, in  1.362 seconds
Platform modules already initialized, skipping
Refreshing native plugins compatible for Editor in 0.77 ms, found 3 plugins.
Preloading 0 native plugins for Editor in 0.00 ms.
Unloading 2607 Unused Serialized files (Serialized files now loaded: 0)
System memory in use before: 191.8 MB.
System memory in use after: 192.0 MB.

Unloading 55 unused Assets to reduce memory usage. Loaded Objects now: 3203.
Total: 2.190810 ms (FindLiveObjects: 0.357760 ms CreateObjectMapping: 0.133331 ms MarkObjects: 1.635905 ms  DeleteObjects: 0.061977 ms)

AssetImportParameters requested are different than current active one (requested -> active):
  custom:video-decoder-ogg-theora: a1e56fd34408186e4bbccfd4996cb3dc -> 
  custom:container-muxer-webm: aa71ff27fc2769a1b78a27578f13a17b -> 
  custom:container-demuxer-webm: 4f35f7cbe854078d1ac9338744f61a02 -> 
  custom:container-demuxer-ogg: 62fdf1f143b41e24485cea50d1cbac27 -> 
  custom:video-encoder-webm-vp8: eb34c28f22e8b96e1ab97ce403110664 -> 
  custom:framework-osx-AVFoundation: b23960f63f64bdc6ff669e2cdcee2391 -> 
  custom:video-decoder-webm-vp8: 9c59270c3fd7afecdb556c50c9e8de78 -> 
  custom:audio-decoder-ogg-vorbis: bf7c407c2cedff20999df2af8eb42d56 -> 
  custom:audio-encoder-webm-vorbis: bf7c407c2cedff20999df2af8eb42d56 -> 
